<?xml version="1.0" encoding="UTF-8" ?>
<testsuite errors="1" failures="0" hostname="phand-desktop" name="edu.umd.cs.guitar.ripper.testCNN" tests="1" time="0.0" timestamp="2011-04-05T22:05:33">
  <properties>
    <property name="java.vendor" value="Sun Microsystems Inc." />
    <property name="sun.java.launcher" value="SUN_STANDARD" />
    <property name="sun.management.compiler" value="HotSpot Tiered Compilers" />
    <property name="os.name" value="Linux" />
    <property name="sun.boot.class.path" value="/usr/lib/jvm/java-6-sun-1.6.0.22/jre/lib/resources.jar:/usr/lib/jvm/java-6-sun-1.6.0.22/jre/lib/rt.jar:/usr/lib/jvm/java-6-sun-1.6.0.22/jre/lib/sunrsasign.jar:/usr/lib/jvm/java-6-sun-1.6.0.22/jre/lib/jsse.jar:/usr/lib/jvm/java-6-sun-1.6.0.22/jre/lib/jce.jar:/usr/lib/jvm/java-6-sun-1.6.0.22/jre/lib/charsets.jar:/usr/lib/jvm/java-6-sun-1.6.0.22/jre/classes" />
    <property name="dist.lib.dir" value="../../jars" />
    <property name="sun.desktop" value="gnome" />
    <property name="java.vm.specification.vendor" value="Sun Microsystems Inc." />
    <property name="ant.home" value="/usr/share/ant" />
    <property name="jar.dir" value="./jars" />
    <property name="java.runtime.version" value="1.6.0_22-b04" />
    <property name="cobertura.dir" value="../../shared/cobertura" />
    <property name="user.name" value="phand" />
    <property name="debug" value="true" />
    <property name="build.dir" value="../bin" />
    <property name="dist.doc.dir" value="../../doc" />
    <property name="user.language" value="en" />
    <property name="sun.boot.library.path" value="/usr/lib/jvm/java-6-sun-1.6.0.22/jre/lib/i386" />
    <property name="doc.dir" value="./doc" />
    <property name="ant.project.name" value="unit-tests" />
    <property name="java.version" value="1.6.0_22" />
    <property name="user.timezone" value="" />
    <property name="resources.dir" value="../resources" />
    <property name="sun.arch.data.model" value="32" />
    <property name="java.endorsed.dirs" value="/usr/lib/jvm/java-6-sun-1.6.0.22/jre/lib/endorsed" />
    <property name="sun.cpu.isalist" value="" />
    <property name="sun.jnu.encoding" value="UTF-8" />
    <property name="guitar.lib.dir" value="../../shared/guitarlib" />
    <property name="file.encoding.pkg" value="sun.io" />
    <property name="file.separator" value="/" />
    <property name="java.specification.name" value="Java Platform API Specification" />
    <property name="java.class.version" value="50.0" />
    <property name="ant.lib.dir" value="../../shared/ant/lib" />
    <property name="user.country" value="US" />
    <property name="java.home" value="/usr/lib/jvm/java-6-sun-1.6.0.22/jre" />
    <property name="dist.dir" value="../.." />
    <property name="java.vm.info" value="mixed mode" />
    <property name="ant.file" value="/home/phand/shared/Documents/School/Spring 2011/CMSC435/hg/GUIRipper-Plugin-Web/test/build.xml" />
    <property name="os.version" value="2.6.32-29-generic" />
    <property name="module.model" value="GUITARModel-Plugin-Web" />
    <property name="ant.dir" value="../../shared/../../shared/ant/lib" />
    <property name="path.separator" value=":" />
    <property name="java.vm.version" value="17.1-b03" />
    <property name="report.dir" value="./reports" />
    <property name="ant.library.dir" value="/usr/share/ant/lib" />
    <property name="java.awt.printerjob" value="sun.print.PSPrinterJob" />
    <property name="sun.io.unicode.encoding" value="UnicodeLittle" />
    <property name="needsModules" value="GUIRipper-Plugin-Web" />
    <property name="coverage.dir" value="./coverage" />
    <property name="user.home" value="/home/phand" />
    <property name="java.specification.vendor" value="Sun Microsystems Inc." />
    <property name="test.dir" value="." />
    <property name="java.library.path" value="/usr/lib/jvm/java-6-sun-1.6.0.22/jre/lib/i386/server:/usr/lib/jvm/java-6-sun-1.6.0.22/jre/lib/i386:/usr/lib/jvm/java-6-sun-1.6.0.22/jre/../lib/i386:/usr/java/packages/lib/i386:/lib:/usr/lib" />
    <property name="java.vendor.url" value="http://java.sun.com/" />
    <property name="guitar.version" value="3.0" />
    <property name="shared.lib.dir" value="../../shared" />
    <property name="java.vm.vendor" value="Sun Microsystems Inc." />
    <property name="java.runtime.name" value="Java(TM) SE Runtime Environment" />
    <property name="java.class.path" value="/usr/share/ant/lib/ant-launcher.jar:/usr/share/java/xmlParserAPIs.jar:/usr/share/java/xercesImpl.jar:/usr/share/ant/lib/ant-apache-resolver.jar:/usr/share/ant/lib/ant-apache-oro.jar:/usr/share/ant/lib/ant-antlr.jar:/usr/share/ant/lib/ant-nodeps.jar:/usr/share/ant/lib/ant-swing.jar:/usr/share/ant/lib/ant-commons-logging.jar:/usr/share/ant/lib/ant-launcher.jar:/usr/share/ant/lib/ant-apache-bcel.jar:/usr/share/ant/lib/ant-apache-bsf.jar:/usr/share/ant/lib/ant-junit.jar:/usr/share/ant/lib/ant-commons-net.jar:/usr/share/ant/lib/ant-javamail.jar:/usr/share/ant/lib/ant-jsch.jar:/usr/share/ant/lib/ant-jdepend.jar:/usr/share/ant/lib/ant-jmf.jar:/usr/share/ant/lib/ant.jar:/usr/share/ant/lib/ant-trax.jar:/usr/share/ant/lib/ant-apache-log4j.jar:/usr/share/ant/lib/ant-apache-regexp.jar:/usr/share/ant/lib/junit.jar:/usr/lib/jvm/java-6-sun-1.6.0.22/lib/tools.jar" />
    <property name="ant.version" value="Apache Ant version 1.7.1 compiled on September 8 2010" />
    <property name="java.vm.specification.name" value="Java Virtual Machine Specification" />
    <property name="java.vm.specification.version" value="1.0" />
    <property name="sun.cpu.endian" value="little" />
    <property name="sun.os.patch.level" value="unknown" />
    <property name="java.io.tmpdir" value="/tmp" />
    <property name="java.vendor.url.bug" value="http://java.sun.com/cgi-bin/bugreport.cgi" />
    <property name="os.arch" value="i386" />
    <property name="java.awt.graphicsenv" value="sun.awt.X11GraphicsEnvironment" />
    <property name="java.ext.dirs" value="/usr/lib/jvm/java-6-sun-1.6.0.22/jre/lib/ext:/usr/java/packages/lib/ext" />
    <property name="user.dir" value="/home/phand/shared/Documents/School/Spring 2011/CMSC435/hg" />
    <property name="line.separator" value="
" />
    <property name="java.vm.name" value="Java HotSpot(TM) Server VM" />
    <property name="basedir" value="/home/phand/shared/Documents/School/Spring 2011/CMSC435/hg/GUIRipper-Plugin-Web/test" />
    <property name="ant.java.version" value="1.6" />
    <property name="ant.core.lib" value="/usr/share/ant/lib/ant.jar" />
    <property name="file.encoding" value="UTF-8" />
    <property name="ydocinstall.dir" value="../../shared/ydoc-3.0_01-jdk1.5" />
    <property name="ant.file.unit-tests" value="/home/phand/shared/Documents/School/Spring 2011/CMSC435/hg/GUIRipper-Plugin-Web/test/build.xml" />
    <property name="module" value="GUIRipper-Plugin-Web" />
    <property name="java.specification.version" value="1.6" />
    <property name="src.dir" value="../src" />
  </properties>
  <testcase classname="edu.umd.cs.guitar.ripper.testCNN" name="testCNN" time="0.0020">
    <error message="Forked Java VM exited abnormally. Please note the time in the report does not reflect the time until the VM exit." type="junit.framework.AssertionFailedError">junit.framework.AssertionFailedError: Forked Java VM exited abnormally. Please note the time in the report does not reflect the time until the VM exit.
</error>
  </testcase>
</testsuite>
