<?xml version="1.0" encoding="UTF-8" ?>
<testsuite errors="0" failures="0" hostname="phand-desktop" name="edu.umd.cs.guitar.ripper.phandTest" tests="2" time="160.155" timestamp="2011-04-05T22:01:20">
  <properties>
    <property name="java.vendor" value="Sun Microsystems Inc." />
    <property name="sun.java.launcher" value="SUN_STANDARD" />
    <property name="sun.management.compiler" value="HotSpot Tiered Compilers" />
    <property name="os.name" value="Linux" />
    <property name="sun.boot.class.path" value="/usr/lib/jvm/java-6-sun-1.6.0.22/jre/lib/resources.jar:/usr/lib/jvm/java-6-sun-1.6.0.22/jre/lib/rt.jar:/usr/lib/jvm/java-6-sun-1.6.0.22/jre/lib/sunrsasign.jar:/usr/lib/jvm/java-6-sun-1.6.0.22/jre/lib/jsse.jar:/usr/lib/jvm/java-6-sun-1.6.0.22/jre/lib/jce.jar:/usr/lib/jvm/java-6-sun-1.6.0.22/jre/lib/charsets.jar:/usr/lib/jvm/java-6-sun-1.6.0.22/jre/classes" />
    <property name="dist.lib.dir" value="../../jars" />
    <property name="sun.desktop" value="gnome" />
    <property name="java.vm.specification.vendor" value="Sun Microsystems Inc." />
    <property name="net.sourceforge.cobertura.datafile" value="/home/phand/shared/Documents/School/Spring 2011/CMSC435/hg/GUIRipper-Plugin-Web/test/coverage/cobertura.ser" />
    <property name="ant.home" value="/usr/share/ant" />
    <property name="jar.dir" value="./jars" />
    <property name="java.runtime.version" value="1.6.0_22-b04" />
    <property name="cobertura.dir" value="../../shared/cobertura" />
    <property name="user.name" value="phand" />
    <property name="debug" value="true" />
    <property name="build.dir" value="../bin" />
    <property name="dist.doc.dir" value="../../doc" />
    <property name="user.language" value="en" />
    <property name="sun.boot.library.path" value="/usr/lib/jvm/java-6-sun-1.6.0.22/jre/lib/i386" />
    <property name="doc.dir" value="./doc" />
    <property name="ant.project.name" value="unit-tests" />
    <property name="java.version" value="1.6.0_22" />
    <property name="user.timezone" value="" />
    <property name="resources.dir" value="../resources" />
    <property name="sun.arch.data.model" value="32" />
    <property name="java.endorsed.dirs" value="/usr/lib/jvm/java-6-sun-1.6.0.22/jre/lib/endorsed" />
    <property name="sun.cpu.isalist" value="" />
    <property name="sun.jnu.encoding" value="UTF-8" />
    <property name="guitar.lib.dir" value="../../shared/guitarlib" />
    <property name="file.encoding.pkg" value="sun.io" />
    <property name="file.separator" value="/" />
    <property name="java.specification.name" value="Java Platform API Specification" />
    <property name="java.class.version" value="50.0" />
    <property name="ant.lib.dir" value="../../shared/ant/lib" />
    <property name="user.country" value="US" />
    <property name="java.home" value="/usr/lib/jvm/java-6-sun-1.6.0.22/jre" />
    <property name="dist.dir" value="../.." />
    <property name="java.vm.info" value="mixed mode" />
    <property name="ant.file" value="/home/phand/shared/Documents/School/Spring 2011/CMSC435/hg/GUIRipper-Plugin-Web/test/build.xml" />
    <property name="os.version" value="2.6.32-29-generic" />
    <property name="module.model" value="GUITARModel-Plugin-Web" />
    <property name="ant.dir" value="../../shared/../../shared/ant/lib" />
    <property name="path.separator" value=":" />
    <property name="java.vm.version" value="17.1-b03" />
    <property name="report.dir" value="./reports" />
    <property name="ant.library.dir" value="/usr/share/ant/lib" />
    <property name="java.awt.printerjob" value="sun.print.PSPrinterJob" />
    <property name="sun.io.unicode.encoding" value="UnicodeLittle" />
    <property name="needsModules" value="GUIRipper-Plugin-Web" />
    <property name="coverage.dir" value="./coverage" />
    <property name="user.home" value="/home/phand" />
    <property name="java.specification.vendor" value="Sun Microsystems Inc." />
    <property name="test.dir" value="." />
    <property name="java.library.path" value="/usr/lib/jvm/java-6-sun-1.6.0.22/jre/lib/i386/server:/usr/lib/jvm/java-6-sun-1.6.0.22/jre/lib/i386:/usr/lib/jvm/java-6-sun-1.6.0.22/jre/../lib/i386:/usr/java/packages/lib/i386:/lib:/usr/lib" />
    <property name="java.vendor.url" value="http://java.sun.com/" />
    <property name="guitar.version" value="3.0" />
    <property name="shared.lib.dir" value="../../shared" />
    <property name="java.vm.vendor" value="Sun Microsystems Inc." />
    <property name="java.runtime.name" value="Java(TM) SE Runtime Environment" />
    <property name="java.class.path" value="/home/phand/shared/Documents/School/Spring 2011/CMSC435/hg/shared/cobertura/cobertura.jar:/home/phand/shared/Documents/School/Spring 2011/CMSC435/hg/shared/cobertura/lib/asm-3.0.jar:/home/phand/shared/Documents/School/Spring 2011/CMSC435/hg/shared/cobertura/lib/asm-tree-3.0.jar:/home/phand/shared/Documents/School/Spring 2011/CMSC435/hg/shared/cobertura/lib/jakarta-oro-2.0.8.jar:/home/phand/shared/Documents/School/Spring 2011/CMSC435/hg/shared/cobertura/lib/log4j-1.2.9.jar:/home/phand/shared/Documents/School/Spring 2011/CMSC435/hg/GUIRipper-Plugin-Web/test/jars/GUIRipper-Plugin-Web.jar:/home/phand/shared/Documents/School/Spring 2011/CMSC435/hg/shared/ant-junit.jar:/home/phand/shared/Documents/School/Spring 2011/CMSC435/hg/shared/ant/lib/activation.jar:/home/phand/shared/Documents/School/Spring 2011/CMSC435/hg/shared/ant/lib/ant-contrib-0.6.jar:/home/phand/shared/Documents/School/Spring 2011/CMSC435/hg/shared/ant/lib/ant-dotnet-1.0.jar:/home/phand/shared/Documents/School/Spring 2011/CMSC435/hg/shared/ant/lib/ant_doxygen.jar:/home/phand/shared/Documents/School/Spring 2011/CMSC435/hg/shared/ant/lib/collection-setter-injector.jar:/home/phand/shared/Documents/School/Spring 2011/CMSC435/hg/shared/ant/lib/ganymed.jar:/home/phand/shared/Documents/School/Spring 2011/CMSC435/hg/shared/ant/lib/jaxb-api.jar:/home/phand/shared/Documents/School/Spring 2011/CMSC435/hg/shared/ant/lib/jaxb-impl.jar:/home/phand/shared/Documents/School/Spring 2011/CMSC435/hg/shared/ant/lib/jaxb-xjc.jar:/home/phand/shared/Documents/School/Spring 2011/CMSC435/hg/shared/ant/lib/jaxb1-impl.jar:/home/phand/shared/Documents/School/Spring 2011/CMSC435/hg/shared/ant/lib/jsr173_1.0_api.jar:/home/phand/shared/Documents/School/Spring 2011/CMSC435/hg/shared/ant/lib/svnClientAdapter.jar:/home/phand/shared/Documents/School/Spring 2011/CMSC435/hg/shared/ant/lib/svnant.jar:/home/phand/shared/Documents/School/Spring 2011/CMSC435/hg/shared/ant/lib/svnjavahl.jar:/home/phand/shared/Documents/School/Spring 2011/CMSC435/hg/shared/ant/lib/svnkit.jar:/home/phand/shared/Documents/School/Spring 2011/CMSC435/hg/shared/args4j-2.0.10.jar:/home/phand/shared/Documents/School/Spring 2011/CMSC435/hg/shared/cglib-nodep-2.1_3.jar:/home/phand/shared/Documents/School/Spring 2011/CMSC435/hg/shared/commons-cli-1.2.jar:/home/phand/shared/Documents/School/Spring 2011/CMSC435/hg/shared/easymock-2.5.2.jar:/home/phand/shared/Documents/School/Spring 2011/CMSC435/hg/shared/easymockclassextension.jar:/home/phand/shared/Documents/School/Spring 2011/CMSC435/hg/shared/jemmy.jar:/home/phand/shared/Documents/School/Spring 2011/CMSC435/hg/shared/junit.jar:/home/phand/shared/Documents/School/Spring 2011/CMSC435/hg/shared/log4j-1.2.15.jar:/home/phand/shared/Documents/School/Spring 2011/CMSC435/hg/shared/ydoc-3.0_01-jdk1.5/lib/styleed.jar:/home/phand/shared/Documents/School/Spring 2011/CMSC435/hg/shared/ydoc-3.0_01-jdk1.5/lib/ydoc.jar:/home/phand/shared/Documents/School/Spring 2011/CMSC435/hg/GUIRipper-Plugin-Web/test/jars/GUIRipper-Plugin-Web-small-unit-tests.jar:/home/phand/shared/Documents/School/Spring 2011/CMSC435/hg/GUIRipper-Plugin-Web/test/jars/GUIRipper-Plugin-Web-unit-tests.jar:/home/phand/shared/Documents/School/Spring 2011/CMSC435/hg/GUIRipper-Plugin-Web/test/jars/GUITARModel-Plugin-Web.jar:/home/phand/shared/Documents/School/Spring 2011/CMSC435/hg/GUIRipper-Plugin-Web/resources/selenium-server-standalone-2.0b1.jar:/home/phand/shared/Documents/School/Spring 2011/CMSC435/hg/jars/GUIRipper-Core.jar:/home/phand/shared/Documents/School/Spring 2011/CMSC435/hg/jars/GUITARModel-Core.jar:/usr/share/ant/lib/junit.jar:/usr/share/java/ant-launcher-1.7.1.jar:/usr/share/ant/lib/ant.jar:/usr/share/ant/lib/ant-junit.jar" />
    <property name="ant.version" value="Apache Ant version 1.7.1 compiled on September 8 2010" />
    <property name="java.vm.specification.name" value="Java Virtual Machine Specification" />
    <property name="java.vm.specification.version" value="1.0" />
    <property name="sun.cpu.endian" value="little" />
    <property name="sun.os.patch.level" value="unknown" />
    <property name="java.io.tmpdir" value="/tmp" />
    <property name="java.vendor.url.bug" value="http://java.sun.com/cgi-bin/bugreport.cgi" />
    <property name="os.arch" value="i386" />
    <property name="java.awt.graphicsenv" value="sun.awt.X11GraphicsEnvironment" />
    <property name="java.ext.dirs" value="/usr/lib/jvm/java-6-sun-1.6.0.22/jre/lib/ext:/usr/java/packages/lib/ext" />
    <property name="user.dir" value="/home/phand/shared/Documents/School/Spring 2011/CMSC435/hg/GUIRipper-Plugin-Web/test" />
    <property name="line.separator" value="
" />
    <property name="java.vm.name" value="Java HotSpot(TM) Server VM" />
    <property name="basedir" value="/home/phand/shared/Documents/School/Spring 2011/CMSC435/hg/GUIRipper-Plugin-Web/test" />
    <property name="ant.java.version" value="1.6" />
    <property name="ant.core.lib" value="/usr/share/ant/lib/ant.jar" />
    <property name="file.encoding" value="UTF-8" />
    <property name="ydocinstall.dir" value="../../shared/ydoc-3.0_01-jdk1.5" />
    <property name="ant.file.unit-tests" value="/home/phand/shared/Documents/School/Spring 2011/CMSC435/hg/GUIRipper-Plugin-Web/test/build.xml" />
    <property name="module" value="GUIRipper-Plugin-Web" />
    <property name="java.specification.version" value="1.6" />
    <property name="src.dir" value="../src" />
  </properties>
  <testcase classname="edu.umd.cs.guitar.ripper.phandTest" name="testPhandNet" time="159.91" />
  <testcase classname="edu.umd.cs.guitar.ripper.phandTest" name="testDotFile" time="0.025" />
  <system-out><![CDATA[ERROR  readObjFromFile, configuration.xml not found!!!
Ripping a window http://www.phand.net/
Ripping a component body
STEE {625a80df-5cf3-46a8-a571-e4d782bef211} {625a80df-5cf3-46a8-a571-e4d782bef211}
STEE {625a80df-5cf3-46a8-a571-e4d782bef211} {625a80df-5cf3-46a8-a571-e4d782bef211}
Ripping a component h2
STEE {625a80df-5cf3-46a8-a571-e4d782bef211} {625a80df-5cf3-46a8-a571-e4d782bef211}
STEE {625a80df-5cf3-46a8-a571-e4d782bef211} {625a80df-5cf3-46a8-a571-e4d782bef211}
Ripping a component p
STEE {625a80df-5cf3-46a8-a571-e4d782bef211} {625a80df-5cf3-46a8-a571-e4d782bef211}
STEE {625a80df-5cf3-46a8-a571-e4d782bef211} {625a80df-5cf3-46a8-a571-e4d782bef211}
Ripping a component img
STEE {625a80df-5cf3-46a8-a571-e4d782bef211} {625a80df-5cf3-46a8-a571-e4d782bef211}
STEE {625a80df-5cf3-46a8-a571-e4d782bef211} {625a80df-5cf3-46a8-a571-e4d782bef211}
Ripping a component p
STEE {625a80df-5cf3-46a8-a571-e4d782bef211} {625a80df-5cf3-46a8-a571-e4d782bef211}
STEE {625a80df-5cf3-46a8-a571-e4d782bef211} {625a80df-5cf3-46a8-a571-e4d782bef211}
Ripping a component ul
STEE {625a80df-5cf3-46a8-a571-e4d782bef211} {625a80df-5cf3-46a8-a571-e4d782bef211}
STEE {625a80df-5cf3-46a8-a571-e4d782bef211} {625a80df-5cf3-46a8-a571-e4d782bef211}
Ripping a component li
STEE {625a80df-5cf3-46a8-a571-e4d782bef211} {625a80df-5cf3-46a8-a571-e4d782bef211}
STEE {625a80df-5cf3-46a8-a571-e4d782bef211} {625a80df-5cf3-46a8-a571-e4d782bef211}
Ripping a component li
STEE {625a80df-5cf3-46a8-a571-e4d782bef211} {625a80df-5cf3-46a8-a571-e4d782bef211}
STEE {625a80df-5cf3-46a8-a571-e4d782bef211} {625a80df-5cf3-46a8-a571-e4d782bef211}
Ripping a component a
ETL http://www.phand.net/pictures/album.php?dir=a%3A1%3A%7Bi%3A0%3Bs%3A9%3A%22SHEN2010O%22%3B%7D
STEE {625a80df-5cf3-46a8-a571-e4d782bef211} {625a80df-5cf3-46a8-a571-e4d782bef211}
STEE {625a80df-5cf3-46a8-a571-e4d782bef211} {625a80df-5cf3-46a8-a571-e4d782bef211}
INWO opened 1
INWO opened next 1
Ripping a window http://www.phand.net/pictures/album.php?dir=a%3A1%3A%7Bi%3A0%3Bs%3A9%3A%22SHEN2010O%22%3B%7D
Ripping a component body
STEE {208df0cd-4a1f-476d-ada7-85f0e1e18faa} {208df0cd-4a1f-476d-ada7-85f0e1e18faa}
STEE {208df0cd-4a1f-476d-ada7-85f0e1e18faa} {208df0cd-4a1f-476d-ada7-85f0e1e18faa}
Ripping a component a
ETL http://www.phand.net/pictures/slideshow.php?dir=a%3A1%3A%7Bi%3A0%3Bs%3A9%3A%22SHEN2010O%22%3B%7D&pid=1
STEE {208df0cd-4a1f-476d-ada7-85f0e1e18faa} {208df0cd-4a1f-476d-ada7-85f0e1e18faa}
STEE {208df0cd-4a1f-476d-ada7-85f0e1e18faa} {208df0cd-4a1f-476d-ada7-85f0e1e18faa}
Ripping a component script
STEE {208df0cd-4a1f-476d-ada7-85f0e1e18faa} {208df0cd-4a1f-476d-ada7-85f0e1e18faa}
STEE {208df0cd-4a1f-476d-ada7-85f0e1e18faa} {208df0cd-4a1f-476d-ada7-85f0e1e18faa}
Ripping a component a
ETL http://www.phand.net/pictures/SHEN2010O/IMG_2479.JPG
STEE {208df0cd-4a1f-476d-ada7-85f0e1e18faa} {208df0cd-4a1f-476d-ada7-85f0e1e18faa}
STEE {208df0cd-4a1f-476d-ada7-85f0e1e18faa} {208df0cd-4a1f-476d-ada7-85f0e1e18faa}
Ripping a component img
STEE {208df0cd-4a1f-476d-ada7-85f0e1e18faa} {208df0cd-4a1f-476d-ada7-85f0e1e18faa}
STEE {208df0cd-4a1f-476d-ada7-85f0e1e18faa} {208df0cd-4a1f-476d-ada7-85f0e1e18faa}
Ripping a component a
ETL http://www.phand.net/pictures/SHEN2010O/IMG_2478.JPG
STEE {208df0cd-4a1f-476d-ada7-85f0e1e18faa} {208df0cd-4a1f-476d-ada7-85f0e1e18faa}
STEE {208df0cd-4a1f-476d-ada7-85f0e1e18faa} {208df0cd-4a1f-476d-ada7-85f0e1e18faa}
Ripping a component img
STEE {208df0cd-4a1f-476d-ada7-85f0e1e18faa} {208df0cd-4a1f-476d-ada7-85f0e1e18faa}
STEE {208df0cd-4a1f-476d-ada7-85f0e1e18faa} {208df0cd-4a1f-476d-ada7-85f0e1e18faa}
Ripping a component a
ETL http://www.phand.net/pictures/SHEN2010O/IMG_2486.JPG
STEE {208df0cd-4a1f-476d-ada7-85f0e1e18faa} {208df0cd-4a1f-476d-ada7-85f0e1e18faa}
STEE {208df0cd-4a1f-476d-ada7-85f0e1e18faa} {208df0cd-4a1f-476d-ada7-85f0e1e18faa}
Ripping a component img
STEE {208df0cd-4a1f-476d-ada7-85f0e1e18faa} {208df0cd-4a1f-476d-ada7-85f0e1e18faa}
STEE {208df0cd-4a1f-476d-ada7-85f0e1e18faa} {208df0cd-4a1f-476d-ada7-85f0e1e18faa}
Ripping a component a
ETL http://www.phand.net/pictures/SHEN2010O/IMG_2480.JPG
STEE {208df0cd-4a1f-476d-ada7-85f0e1e18faa} {208df0cd-4a1f-476d-ada7-85f0e1e18faa}
STEE {208df0cd-4a1f-476d-ada7-85f0e1e18faa} {208df0cd-4a1f-476d-ada7-85f0e1e18faa}
Ripping a component img
STEE {208df0cd-4a1f-476d-ada7-85f0e1e18faa} {208df0cd-4a1f-476d-ada7-85f0e1e18faa}
STEE {208df0cd-4a1f-476d-ada7-85f0e1e18faa} {208df0cd-4a1f-476d-ada7-85f0e1e18faa}
Ripping a component a
ETL http://www.phand.net/pictures/SHEN2010O/IMG_2484.JPG
STEE {208df0cd-4a1f-476d-ada7-85f0e1e18faa} {208df0cd-4a1f-476d-ada7-85f0e1e18faa}
STEE {208df0cd-4a1f-476d-ada7-85f0e1e18faa} {208df0cd-4a1f-476d-ada7-85f0e1e18faa}
Ripping a component img
STEE {208df0cd-4a1f-476d-ada7-85f0e1e18faa} {208df0cd-4a1f-476d-ada7-85f0e1e18faa}
STEE {208df0cd-4a1f-476d-ada7-85f0e1e18faa} {208df0cd-4a1f-476d-ada7-85f0e1e18faa}
Ripping a component a
ETL http://www.phand.net/pictures/SHEN2010O/IMG_2487.JPG
STEE {208df0cd-4a1f-476d-ada7-85f0e1e18faa} {208df0cd-4a1f-476d-ada7-85f0e1e18faa}
STEE {208df0cd-4a1f-476d-ada7-85f0e1e18faa} {208df0cd-4a1f-476d-ada7-85f0e1e18faa}
Ripping a component img
STEE {208df0cd-4a1f-476d-ada7-85f0e1e18faa} {208df0cd-4a1f-476d-ada7-85f0e1e18faa}
STEE {208df0cd-4a1f-476d-ada7-85f0e1e18faa} {208df0cd-4a1f-476d-ada7-85f0e1e18faa}
Ripping a component a
ETL http://www.phand.net/pictures/SHEN2010O/IMG_2488.JPG
STEE {208df0cd-4a1f-476d-ada7-85f0e1e18faa} {208df0cd-4a1f-476d-ada7-85f0e1e18faa}
STEE {208df0cd-4a1f-476d-ada7-85f0e1e18faa} {208df0cd-4a1f-476d-ada7-85f0e1e18faa}
Ripping a component img
STEE {208df0cd-4a1f-476d-ada7-85f0e1e18faa} {208df0cd-4a1f-476d-ada7-85f0e1e18faa}
STEE {208df0cd-4a1f-476d-ada7-85f0e1e18faa} {208df0cd-4a1f-476d-ada7-85f0e1e18faa}
Ripping a component a
ETL http://www.phand.net/pictures/SHEN2010O/IMG_2492.JPG
STEE {208df0cd-4a1f-476d-ada7-85f0e1e18faa} {208df0cd-4a1f-476d-ada7-85f0e1e18faa}
STEE {208df0cd-4a1f-476d-ada7-85f0e1e18faa} {208df0cd-4a1f-476d-ada7-85f0e1e18faa}
Ripping a component img
STEE {208df0cd-4a1f-476d-ada7-85f0e1e18faa} {208df0cd-4a1f-476d-ada7-85f0e1e18faa}
STEE {208df0cd-4a1f-476d-ada7-85f0e1e18faa} {208df0cd-4a1f-476d-ada7-85f0e1e18faa}
Ripping a component a
ETL http://www.phand.net/pictures/SHEN2010O/IMG_2494.JPG
STEE {208df0cd-4a1f-476d-ada7-85f0e1e18faa} {208df0cd-4a1f-476d-ada7-85f0e1e18faa}
STEE {208df0cd-4a1f-476d-ada7-85f0e1e18faa} {208df0cd-4a1f-476d-ada7-85f0e1e18faa}
Ripping a component img
STEE {208df0cd-4a1f-476d-ada7-85f0e1e18faa} {208df0cd-4a1f-476d-ada7-85f0e1e18faa}
STEE {208df0cd-4a1f-476d-ada7-85f0e1e18faa} {208df0cd-4a1f-476d-ada7-85f0e1e18faa}
Ripping a component a
ETL http://www.phand.net/pictures/SHEN2010O/IMG_2496.JPG
STEE {208df0cd-4a1f-476d-ada7-85f0e1e18faa} {208df0cd-4a1f-476d-ada7-85f0e1e18faa}
STEE {208df0cd-4a1f-476d-ada7-85f0e1e18faa} {208df0cd-4a1f-476d-ada7-85f0e1e18faa}
Ripping a component img
STEE {208df0cd-4a1f-476d-ada7-85f0e1e18faa} {208df0cd-4a1f-476d-ada7-85f0e1e18faa}
STEE {208df0cd-4a1f-476d-ada7-85f0e1e18faa} {208df0cd-4a1f-476d-ada7-85f0e1e18faa}
Ripping a component a
ETL http://www.phand.net/pictures/SHEN2010O/IMG_2504.JPG
STEE {208df0cd-4a1f-476d-ada7-85f0e1e18faa} {208df0cd-4a1f-476d-ada7-85f0e1e18faa}
STEE {208df0cd-4a1f-476d-ada7-85f0e1e18faa} {208df0cd-4a1f-476d-ada7-85f0e1e18faa}
Ripping a component img
STEE {208df0cd-4a1f-476d-ada7-85f0e1e18faa} {208df0cd-4a1f-476d-ada7-85f0e1e18faa}
STEE {208df0cd-4a1f-476d-ada7-85f0e1e18faa} {208df0cd-4a1f-476d-ada7-85f0e1e18faa}
Ripping a component a
ETL http://www.phand.net/pictures/SHEN2010O/IMG_2507.JPG
STEE {208df0cd-4a1f-476d-ada7-85f0e1e18faa} {208df0cd-4a1f-476d-ada7-85f0e1e18faa}
STEE {208df0cd-4a1f-476d-ada7-85f0e1e18faa} {208df0cd-4a1f-476d-ada7-85f0e1e18faa}
Ripping a component img
STEE {208df0cd-4a1f-476d-ada7-85f0e1e18faa} {208df0cd-4a1f-476d-ada7-85f0e1e18faa}
STEE {208df0cd-4a1f-476d-ada7-85f0e1e18faa} {208df0cd-4a1f-476d-ada7-85f0e1e18faa}
Ripping a component a
ETL http://www.phand.net/pictures/SHEN2010O/IMG_2514.JPG
STEE {208df0cd-4a1f-476d-ada7-85f0e1e18faa} {208df0cd-4a1f-476d-ada7-85f0e1e18faa}
STEE {208df0cd-4a1f-476d-ada7-85f0e1e18faa} {208df0cd-4a1f-476d-ada7-85f0e1e18faa}
Ripping a component img
STEE {208df0cd-4a1f-476d-ada7-85f0e1e18faa} {208df0cd-4a1f-476d-ada7-85f0e1e18faa}
STEE {208df0cd-4a1f-476d-ada7-85f0e1e18faa} {208df0cd-4a1f-476d-ada7-85f0e1e18faa}
Ripping a component a
ETL http://www.phand.net/pictures/SHEN2010O/IMG_2532.JPG
STEE {208df0cd-4a1f-476d-ada7-85f0e1e18faa} {208df0cd-4a1f-476d-ada7-85f0e1e18faa}
STEE {208df0cd-4a1f-476d-ada7-85f0e1e18faa} {208df0cd-4a1f-476d-ada7-85f0e1e18faa}
Ripping a component img
STEE {208df0cd-4a1f-476d-ada7-85f0e1e18faa} {208df0cd-4a1f-476d-ada7-85f0e1e18faa}
STEE {208df0cd-4a1f-476d-ada7-85f0e1e18faa} {208df0cd-4a1f-476d-ada7-85f0e1e18faa}
Ripping a component a
ETL http://www.phand.net/pictures/SHEN2010O/IMG_2534.JPG
STEE {208df0cd-4a1f-476d-ada7-85f0e1e18faa} {208df0cd-4a1f-476d-ada7-85f0e1e18faa}
STEE {208df0cd-4a1f-476d-ada7-85f0e1e18faa} {208df0cd-4a1f-476d-ada7-85f0e1e18faa}
Ripping a component img
STEE {208df0cd-4a1f-476d-ada7-85f0e1e18faa} {208df0cd-4a1f-476d-ada7-85f0e1e18faa}
STEE {208df0cd-4a1f-476d-ada7-85f0e1e18faa} {208df0cd-4a1f-476d-ada7-85f0e1e18faa}
Ripping a component a
ETL http://www.phand.net/pictures/SHEN2010O/IMG_2537.JPG
STEE {208df0cd-4a1f-476d-ada7-85f0e1e18faa} {208df0cd-4a1f-476d-ada7-85f0e1e18faa}
STEE {208df0cd-4a1f-476d-ada7-85f0e1e18faa} {208df0cd-4a1f-476d-ada7-85f0e1e18faa}
Ripping a component img
STEE {208df0cd-4a1f-476d-ada7-85f0e1e18faa} {208df0cd-4a1f-476d-ada7-85f0e1e18faa}
STEE {208df0cd-4a1f-476d-ada7-85f0e1e18faa} {208df0cd-4a1f-476d-ada7-85f0e1e18faa}
Ripping a component a
ETL http://www.phand.net/pictures/SHEN2010O/IMG_2538.JPG
STEE {208df0cd-4a1f-476d-ada7-85f0e1e18faa} {208df0cd-4a1f-476d-ada7-85f0e1e18faa}
STEE {208df0cd-4a1f-476d-ada7-85f0e1e18faa} {208df0cd-4a1f-476d-ada7-85f0e1e18faa}
Ripping a component img
STEE {208df0cd-4a1f-476d-ada7-85f0e1e18faa} {208df0cd-4a1f-476d-ada7-85f0e1e18faa}
STEE {208df0cd-4a1f-476d-ada7-85f0e1e18faa} {208df0cd-4a1f-476d-ada7-85f0e1e18faa}
Ripping a component a
ETL http://www.phand.net/pictures/SHEN2010O/IMG_2555.JPG
STEE {208df0cd-4a1f-476d-ada7-85f0e1e18faa} {208df0cd-4a1f-476d-ada7-85f0e1e18faa}
STEE {208df0cd-4a1f-476d-ada7-85f0e1e18faa} {208df0cd-4a1f-476d-ada7-85f0e1e18faa}
Ripping a component img
STEE {208df0cd-4a1f-476d-ada7-85f0e1e18faa} {208df0cd-4a1f-476d-ada7-85f0e1e18faa}
STEE {208df0cd-4a1f-476d-ada7-85f0e1e18faa} {208df0cd-4a1f-476d-ada7-85f0e1e18faa}
Ripping a component a
ETL http://www.phand.net/pictures/SHEN2010O/IMG_2559.JPG
STEE {208df0cd-4a1f-476d-ada7-85f0e1e18faa} {208df0cd-4a1f-476d-ada7-85f0e1e18faa}
STEE {208df0cd-4a1f-476d-ada7-85f0e1e18faa} {208df0cd-4a1f-476d-ada7-85f0e1e18faa}
Ripping a component img
STEE {208df0cd-4a1f-476d-ada7-85f0e1e18faa} {208df0cd-4a1f-476d-ada7-85f0e1e18faa}
STEE {208df0cd-4a1f-476d-ada7-85f0e1e18faa} {208df0cd-4a1f-476d-ada7-85f0e1e18faa}
Ripping a component a
ETL http://www.phand.net/pictures/SHEN2010O/IMG_2562.JPG
STEE {208df0cd-4a1f-476d-ada7-85f0e1e18faa} {208df0cd-4a1f-476d-ada7-85f0e1e18faa}
STEE {208df0cd-4a1f-476d-ada7-85f0e1e18faa} {208df0cd-4a1f-476d-ada7-85f0e1e18faa}
Ripping a component img
STEE {208df0cd-4a1f-476d-ada7-85f0e1e18faa} {208df0cd-4a1f-476d-ada7-85f0e1e18faa}
STEE {208df0cd-4a1f-476d-ada7-85f0e1e18faa} {208df0cd-4a1f-476d-ada7-85f0e1e18faa}
Ripping a component a
ETL http://www.phand.net/pictures/SHEN2010O/IMG_2564.JPG
STEE {208df0cd-4a1f-476d-ada7-85f0e1e18faa} {208df0cd-4a1f-476d-ada7-85f0e1e18faa}
STEE {208df0cd-4a1f-476d-ada7-85f0e1e18faa} {208df0cd-4a1f-476d-ada7-85f0e1e18faa}
Ripping a component img
STEE {208df0cd-4a1f-476d-ada7-85f0e1e18faa} {208df0cd-4a1f-476d-ada7-85f0e1e18faa}
STEE {208df0cd-4a1f-476d-ada7-85f0e1e18faa} {208df0cd-4a1f-476d-ada7-85f0e1e18faa}
Ripping a component a
ETL http://www.phand.net/pictures/SHEN2010O/IMG_2566.JPG
STEE {208df0cd-4a1f-476d-ada7-85f0e1e18faa} {208df0cd-4a1f-476d-ada7-85f0e1e18faa}
STEE {208df0cd-4a1f-476d-ada7-85f0e1e18faa} {208df0cd-4a1f-476d-ada7-85f0e1e18faa}
Ripping a component img
STEE {208df0cd-4a1f-476d-ada7-85f0e1e18faa} {208df0cd-4a1f-476d-ada7-85f0e1e18faa}
STEE {208df0cd-4a1f-476d-ada7-85f0e1e18faa} {208df0cd-4a1f-476d-ada7-85f0e1e18faa}
Ripping a component a
ETL http://www.phand.net/pictures/SHEN2010O/IMG_2567.JPG
STEE {208df0cd-4a1f-476d-ada7-85f0e1e18faa} {208df0cd-4a1f-476d-ada7-85f0e1e18faa}
STEE {208df0cd-4a1f-476d-ada7-85f0e1e18faa} {208df0cd-4a1f-476d-ada7-85f0e1e18faa}
Ripping a component img
STEE {208df0cd-4a1f-476d-ada7-85f0e1e18faa} {208df0cd-4a1f-476d-ada7-85f0e1e18faa}
STEE {208df0cd-4a1f-476d-ada7-85f0e1e18faa} {208df0cd-4a1f-476d-ada7-85f0e1e18faa}
Ripping a component li
STEE {625a80df-5cf3-46a8-a571-e4d782bef211} {625a80df-5cf3-46a8-a571-e4d782bef211}
STEE {625a80df-5cf3-46a8-a571-e4d782bef211} {625a80df-5cf3-46a8-a571-e4d782bef211}
Ripping a component li
STEE {625a80df-5cf3-46a8-a571-e4d782bef211} {625a80df-5cf3-46a8-a571-e4d782bef211}
STEE {625a80df-5cf3-46a8-a571-e4d782bef211} {625a80df-5cf3-46a8-a571-e4d782bef211}
Ripping a component a
ETL http://www.phand.net/pictures/album.php?dir=a%3A1%3A%7Bi%3A0%3Bs%3A9%3A%22SNOW2009D%22%3B%7D
STEE {625a80df-5cf3-46a8-a571-e4d782bef211} {625a80df-5cf3-46a8-a571-e4d782bef211}
STEE {625a80df-5cf3-46a8-a571-e4d782bef211} {625a80df-5cf3-46a8-a571-e4d782bef211}
INWO opened 1
INWO opened next 1
Ripping a window http://www.phand.net/pictures/album.php?dir=a%3A1%3A%7Bi%3A0%3Bs%3A9%3A%22SNOW2009D%22%3B%7D
Ripping a component body
STEE {2c08bb76-35f3-4a49-87f5-5a2f9a85e638} {2c08bb76-35f3-4a49-87f5-5a2f9a85e638}
STEE {2c08bb76-35f3-4a49-87f5-5a2f9a85e638} {2c08bb76-35f3-4a49-87f5-5a2f9a85e638}
Ripping a component a
ETL http://www.phand.net/pictures/slideshow.php?dir=a%3A1%3A%7Bi%3A0%3Bs%3A9%3A%22SNOW2009D%22%3B%7D&pid=1
STEE {2c08bb76-35f3-4a49-87f5-5a2f9a85e638} {2c08bb76-35f3-4a49-87f5-5a2f9a85e638}
STEE {2c08bb76-35f3-4a49-87f5-5a2f9a85e638} {2c08bb76-35f3-4a49-87f5-5a2f9a85e638}
Ripping a component script
STEE {2c08bb76-35f3-4a49-87f5-5a2f9a85e638} {2c08bb76-35f3-4a49-87f5-5a2f9a85e638}
STEE {2c08bb76-35f3-4a49-87f5-5a2f9a85e638} {2c08bb76-35f3-4a49-87f5-5a2f9a85e638}
Ripping a component a
ETL http://www.phand.net/pictures/SNOW2009D/Christmas.JPG
STEE {2c08bb76-35f3-4a49-87f5-5a2f9a85e638} {2c08bb76-35f3-4a49-87f5-5a2f9a85e638}
STEE {2c08bb76-35f3-4a49-87f5-5a2f9a85e638} {2c08bb76-35f3-4a49-87f5-5a2f9a85e638}
Ripping a component img
STEE {2c08bb76-35f3-4a49-87f5-5a2f9a85e638} {2c08bb76-35f3-4a49-87f5-5a2f9a85e638}
STEE {2c08bb76-35f3-4a49-87f5-5a2f9a85e638} {2c08bb76-35f3-4a49-87f5-5a2f9a85e638}
Ripping a component a
ETL http://www.phand.net/pictures/SNOW2009D/Edgar.JPG
STEE {2c08bb76-35f3-4a49-87f5-5a2f9a85e638} {2c08bb76-35f3-4a49-87f5-5a2f9a85e638}
STEE {2c08bb76-35f3-4a49-87f5-5a2f9a85e638} {2c08bb76-35f3-4a49-87f5-5a2f9a85e638}
Ripping a component img
STEE {2c08bb76-35f3-4a49-87f5-5a2f9a85e638} {2c08bb76-35f3-4a49-87f5-5a2f9a85e638}
STEE {2c08bb76-35f3-4a49-87f5-5a2f9a85e638} {2c08bb76-35f3-4a49-87f5-5a2f9a85e638}
Ripping a component a
ETL http://www.phand.net/pictures/SNOW2009D/64EV1714_RJ.JPG
STEE {2c08bb76-35f3-4a49-87f5-5a2f9a85e638} {2c08bb76-35f3-4a49-87f5-5a2f9a85e638}
STEE {2c08bb76-35f3-4a49-87f5-5a2f9a85e638} {2c08bb76-35f3-4a49-87f5-5a2f9a85e638}
Ripping a component img
STEE {2c08bb76-35f3-4a49-87f5-5a2f9a85e638} {2c08bb76-35f3-4a49-87f5-5a2f9a85e638}
STEE {2c08bb76-35f3-4a49-87f5-5a2f9a85e638} {2c08bb76-35f3-4a49-87f5-5a2f9a85e638}
Ripping a component a
ETL http://www.phand.net/pictures/SNOW2009D/IMG_2084.JPG
STEE {2c08bb76-35f3-4a49-87f5-5a2f9a85e638} {2c08bb76-35f3-4a49-87f5-5a2f9a85e638}
STEE {2c08bb76-35f3-4a49-87f5-5a2f9a85e638} {2c08bb76-35f3-4a49-87f5-5a2f9a85e638}
Ripping a component img
STEE {2c08bb76-35f3-4a49-87f5-5a2f9a85e638} {2c08bb76-35f3-4a49-87f5-5a2f9a85e638}
STEE {2c08bb76-35f3-4a49-87f5-5a2f9a85e638} {2c08bb76-35f3-4a49-87f5-5a2f9a85e638}
Ripping a component a
ETL http://www.phand.net/pictures/SNOW2009D/IMG_2093.JPG
STEE {2c08bb76-35f3-4a49-87f5-5a2f9a85e638} {2c08bb76-35f3-4a49-87f5-5a2f9a85e638}
STEE {2c08bb76-35f3-4a49-87f5-5a2f9a85e638} {2c08bb76-35f3-4a49-87f5-5a2f9a85e638}
Ripping a component img
STEE {2c08bb76-35f3-4a49-87f5-5a2f9a85e638} {2c08bb76-35f3-4a49-87f5-5a2f9a85e638}
STEE {2c08bb76-35f3-4a49-87f5-5a2f9a85e638} {2c08bb76-35f3-4a49-87f5-5a2f9a85e638}
Ripping a component a
ETL http://www.phand.net/pictures/SNOW2009D/64EV1711_RJ.JPG
STEE {2c08bb76-35f3-4a49-87f5-5a2f9a85e638} {2c08bb76-35f3-4a49-87f5-5a2f9a85e638}
STEE {2c08bb76-35f3-4a49-87f5-5a2f9a85e638} {2c08bb76-35f3-4a49-87f5-5a2f9a85e638}
Ripping a component img
STEE {2c08bb76-35f3-4a49-87f5-5a2f9a85e638} {2c08bb76-35f3-4a49-87f5-5a2f9a85e638}
STEE {2c08bb76-35f3-4a49-87f5-5a2f9a85e638} {2c08bb76-35f3-4a49-87f5-5a2f9a85e638}
Ripping a component a
ETL http://www.phand.net/pictures/SNOW2009D/IMG_2112.JPG
STEE {2c08bb76-35f3-4a49-87f5-5a2f9a85e638} {2c08bb76-35f3-4a49-87f5-5a2f9a85e638}
STEE {2c08bb76-35f3-4a49-87f5-5a2f9a85e638} {2c08bb76-35f3-4a49-87f5-5a2f9a85e638}
Ripping a component img
STEE {2c08bb76-35f3-4a49-87f5-5a2f9a85e638} {2c08bb76-35f3-4a49-87f5-5a2f9a85e638}
STEE {2c08bb76-35f3-4a49-87f5-5a2f9a85e638} {2c08bb76-35f3-4a49-87f5-5a2f9a85e638}
Ripping a component a
ETL http://www.phand.net/pictures/SNOW2009D/Nebraska.JPG
STEE {2c08bb76-35f3-4a49-87f5-5a2f9a85e638} {2c08bb76-35f3-4a49-87f5-5a2f9a85e638}
STEE {2c08bb76-35f3-4a49-87f5-5a2f9a85e638} {2c08bb76-35f3-4a49-87f5-5a2f9a85e638}
Ripping a component img
STEE {2c08bb76-35f3-4a49-87f5-5a2f9a85e638} {2c08bb76-35f3-4a49-87f5-5a2f9a85e638}
STEE {2c08bb76-35f3-4a49-87f5-5a2f9a85e638} {2c08bb76-35f3-4a49-87f5-5a2f9a85e638}
Ripping a component li
STEE {625a80df-5cf3-46a8-a571-e4d782bef211} {625a80df-5cf3-46a8-a571-e4d782bef211}
STEE {625a80df-5cf3-46a8-a571-e4d782bef211} {625a80df-5cf3-46a8-a571-e4d782bef211}
Ripping a component a
ETL http://www.phand.net/pictures/album.php?dir=a%3A1%3A%7Bi%3A0%3Bs%3A7%3A%22AT2009J%22%3B%7D
STEE {625a80df-5cf3-46a8-a571-e4d782bef211} {625a80df-5cf3-46a8-a571-e4d782bef211}
STEE {625a80df-5cf3-46a8-a571-e4d782bef211} {625a80df-5cf3-46a8-a571-e4d782bef211}
INWO opened 1
INWO opened next 1
Ripping a window http://www.phand.net/pictures/album.php?dir=a%3A1%3A%7Bi%3A0%3Bs%3A7%3A%22AT2009J%22%3B%7D
Ripping a component body
STEE {0e7f9612-e619-406b-8a53-3fd93acbb34e} {0e7f9612-e619-406b-8a53-3fd93acbb34e}
STEE {0e7f9612-e619-406b-8a53-3fd93acbb34e} {0e7f9612-e619-406b-8a53-3fd93acbb34e}
Ripping a component a
ETL http://www.phand.net/pictures/slideshow.php?dir=a%3A1%3A%7Bi%3A0%3Bs%3A7%3A%22AT2009J%22%3B%7D&pid=1
STEE {0e7f9612-e619-406b-8a53-3fd93acbb34e} {0e7f9612-e619-406b-8a53-3fd93acbb34e}
STEE {0e7f9612-e619-406b-8a53-3fd93acbb34e} {0e7f9612-e619-406b-8a53-3fd93acbb34e}
Ripping a component script
STEE {0e7f9612-e619-406b-8a53-3fd93acbb34e} {0e7f9612-e619-406b-8a53-3fd93acbb34e}
STEE {0e7f9612-e619-406b-8a53-3fd93acbb34e} {0e7f9612-e619-406b-8a53-3fd93acbb34e}
Ripping a component li
STEE {625a80df-5cf3-46a8-a571-e4d782bef211} {625a80df-5cf3-46a8-a571-e4d782bef211}
STEE {625a80df-5cf3-46a8-a571-e4d782bef211} {625a80df-5cf3-46a8-a571-e4d782bef211}
Ripping a component a
ETL http://www.phand.net/pictures/album.php?dir=a%3A9%3A%7Bi%3A0%3Bs%3A16%3A%22TRIP2009J%2FArches%22%3Bi%3A1%3Bs%3A15%3A%22TRIP2009J%2FBryce%22%3Bi%3A2%3Bs%3A22%3A%22TRIP2009J%2FCapitol+Reef%22%3Bi%3A3%3Bs%3A28%3A%22TRIP2009J%2FGarden+of+the+Gods%22%3Bi%3A4%3Bs%3A26%3A%22TRIP2009J%2FLookout+Mountain%22%3Bi%3A5%3Bs%3A19%3A%22TRIP2009J%2FRed+Rocks%22%3Bi%3A6%3Bs%3A14%3A%22TRIP2009J%2FRMNP%22%3Bi%3A7%3Bs%3A26%3A%22TRIP2009J%2FSan+Rafael+Swell%22%3Bi%3A8%3Bs%3A14%3A%22TRIP2009J%2FZion%22%3B%7D
STEE {625a80df-5cf3-46a8-a571-e4d782bef211} {625a80df-5cf3-46a8-a571-e4d782bef211}
STEE {625a80df-5cf3-46a8-a571-e4d782bef211} {625a80df-5cf3-46a8-a571-e4d782bef211}
Ripping a component li
STEE {625a80df-5cf3-46a8-a571-e4d782bef211} {625a80df-5cf3-46a8-a571-e4d782bef211}
STEE {625a80df-5cf3-46a8-a571-e4d782bef211} {625a80df-5cf3-46a8-a571-e4d782bef211}
Ripping a component a
ETL http://www.phand.net/pictures/album.php?dir=a%3A1%3A%7Bi%3A0%3Bs%3A8%3A%22GSM2009M%22%3B%7D
STEE {625a80df-5cf3-46a8-a571-e4d782bef211} {625a80df-5cf3-46a8-a571-e4d782bef211}
STEE {625a80df-5cf3-46a8-a571-e4d782bef211} {625a80df-5cf3-46a8-a571-e4d782bef211}
Ripping a component li
STEE {625a80df-5cf3-46a8-a571-e4d782bef211} {625a80df-5cf3-46a8-a571-e4d782bef211}
STEE {625a80df-5cf3-46a8-a571-e4d782bef211} {625a80df-5cf3-46a8-a571-e4d782bef211}
Ripping a component a
ETL http://www.phand.net/pictures/album.php?dir=a%3A1%3A%7Bi%3A0%3Bs%3A8%3A%22GSM2009J%22%3B%7D
STEE {625a80df-5cf3-46a8-a571-e4d782bef211} {625a80df-5cf3-46a8-a571-e4d782bef211}
STEE {625a80df-5cf3-46a8-a571-e4d782bef211} {625a80df-5cf3-46a8-a571-e4d782bef211}
Ripping a component li
STEE {625a80df-5cf3-46a8-a571-e4d782bef211} {625a80df-5cf3-46a8-a571-e4d782bef211}
STEE {625a80df-5cf3-46a8-a571-e4d782bef211} {625a80df-5cf3-46a8-a571-e4d782bef211}
Ripping a component li
STEE {625a80df-5cf3-46a8-a571-e4d782bef211} {625a80df-5cf3-46a8-a571-e4d782bef211}
STEE {625a80df-5cf3-46a8-a571-e4d782bef211} {625a80df-5cf3-46a8-a571-e4d782bef211}
Ripping a component a
ETL http://www.phand.net/pictures/album.php?dir=a%3A1%3A%7Bi%3A0%3Bs%3A9%3A%22SHEN2008D%22%3B%7D
STEE {625a80df-5cf3-46a8-a571-e4d782bef211} {625a80df-5cf3-46a8-a571-e4d782bef211}
STEE {625a80df-5cf3-46a8-a571-e4d782bef211} {625a80df-5cf3-46a8-a571-e4d782bef211}
Ripping a component li
STEE {625a80df-5cf3-46a8-a571-e4d782bef211} {625a80df-5cf3-46a8-a571-e4d782bef211}
STEE {625a80df-5cf3-46a8-a571-e4d782bef211} {625a80df-5cf3-46a8-a571-e4d782bef211}
Ripping a component a
ETL http://www.phand.net/pictures/album.php?dir=a%3A1%3A%7Bi%3A0%3Bs%3A9%3A%22SHEN2008N%22%3B%7D
STEE {625a80df-5cf3-46a8-a571-e4d782bef211} {625a80df-5cf3-46a8-a571-e4d782bef211}
STEE {625a80df-5cf3-46a8-a571-e4d782bef211} {625a80df-5cf3-46a8-a571-e4d782bef211}
Ripping a component p
STEE {625a80df-5cf3-46a8-a571-e4d782bef211} {625a80df-5cf3-46a8-a571-e4d782bef211}
STEE {625a80df-5cf3-46a8-a571-e4d782bef211} {625a80df-5cf3-46a8-a571-e4d782bef211}
Ripping a component br
STEE {625a80df-5cf3-46a8-a571-e4d782bef211} {625a80df-5cf3-46a8-a571-e4d782bef211}
STEE {625a80df-5cf3-46a8-a571-e4d782bef211} {625a80df-5cf3-46a8-a571-e4d782bef211}
Ripping a component ul
STEE {625a80df-5cf3-46a8-a571-e4d782bef211} {625a80df-5cf3-46a8-a571-e4d782bef211}
STEE {625a80df-5cf3-46a8-a571-e4d782bef211} {625a80df-5cf3-46a8-a571-e4d782bef211}
Ripping a component li
STEE {625a80df-5cf3-46a8-a571-e4d782bef211} {625a80df-5cf3-46a8-a571-e4d782bef211}
STEE {625a80df-5cf3-46a8-a571-e4d782bef211} {625a80df-5cf3-46a8-a571-e4d782bef211}
Ripping a component a
ETL http://www.phand.net/schedules/spring2011.html
WARN   error, CSS error: null [1:1] Error in style sheet. Invalid token "<". Was expecting one of: <EOF>, <S>, ".", ":", "*", "[", <HASH>, "<!--", "-->", "@import", "@page", "@media", "@charset ", <IDENT>.
STEE {625a80df-5cf3-46a8-a571-e4d782bef211} {625a80df-5cf3-46a8-a571-e4d782bef211}
STEE {625a80df-5cf3-46a8-a571-e4d782bef211} {625a80df-5cf3-46a8-a571-e4d782bef211}
Ripping a component li
STEE {625a80df-5cf3-46a8-a571-e4d782bef211} {625a80df-5cf3-46a8-a571-e4d782bef211}
STEE {625a80df-5cf3-46a8-a571-e4d782bef211} {625a80df-5cf3-46a8-a571-e4d782bef211}
Ripping a component a
ETL http://www.phand.net/schedules/fall2010.html
WARN   error, CSS error: null [1:1] Error in style sheet. Invalid token "<". Was expecting one of: <EOF>, <S>, ".", ":", "*", "[", <HASH>, "<!--", "-->", "@import", "@page", "@media", "@charset ", <IDENT>.
STEE {625a80df-5cf3-46a8-a571-e4d782bef211} {625a80df-5cf3-46a8-a571-e4d782bef211}
STEE {625a80df-5cf3-46a8-a571-e4d782bef211} {625a80df-5cf3-46a8-a571-e4d782bef211}
Ripping a component li
STEE {625a80df-5cf3-46a8-a571-e4d782bef211} {625a80df-5cf3-46a8-a571-e4d782bef211}
STEE {625a80df-5cf3-46a8-a571-e4d782bef211} {625a80df-5cf3-46a8-a571-e4d782bef211}
Ripping a component a
ETL http://www.phand.net/schedules/spring2010.html
WARN   error, CSS error: null [1:1] Error in style sheet. Invalid token "<". Was expecting one of: <EOF>, <S>, ".", ":", "*", "[", <HASH>, "<!--", "-->", "@import", "@page", "@media", "@charset ", <IDENT>.
STEE {625a80df-5cf3-46a8-a571-e4d782bef211} {625a80df-5cf3-46a8-a571-e4d782bef211}
STEE {625a80df-5cf3-46a8-a571-e4d782bef211} {625a80df-5cf3-46a8-a571-e4d782bef211}
Ripping a component li
STEE {625a80df-5cf3-46a8-a571-e4d782bef211} {625a80df-5cf3-46a8-a571-e4d782bef211}
STEE {625a80df-5cf3-46a8-a571-e4d782bef211} {625a80df-5cf3-46a8-a571-e4d782bef211}
Ripping a component a
ETL http://www.phand.net/schedules/fall2009.html
WARN   error, CSS error: null [1:1] Error in style sheet. Invalid token "<". Was expecting one of: <EOF>, <S>, ".", ":", "*", "[", <HASH>, "<!--", "-->", "@import", "@page", "@media", "@charset ", <IDENT>.
STEE {625a80df-5cf3-46a8-a571-e4d782bef211} {625a80df-5cf3-46a8-a571-e4d782bef211}
STEE {625a80df-5cf3-46a8-a571-e4d782bef211} {625a80df-5cf3-46a8-a571-e4d782bef211}
Ripping a component li
STEE {625a80df-5cf3-46a8-a571-e4d782bef211} {625a80df-5cf3-46a8-a571-e4d782bef211}
STEE {625a80df-5cf3-46a8-a571-e4d782bef211} {625a80df-5cf3-46a8-a571-e4d782bef211}
Ripping a component a
ETL http://www.phand.net/schedules/spring2009.html
WARN   error, CSS error: null [1:1] Error in style sheet. Invalid token "<". Was expecting one of: <EOF>, <S>, ".", ":", "*", "[", <HASH>, "<!--", "-->", "@import", "@page", "@media", "@charset ", <IDENT>.
STEE {625a80df-5cf3-46a8-a571-e4d782bef211} {625a80df-5cf3-46a8-a571-e4d782bef211}
STEE {625a80df-5cf3-46a8-a571-e4d782bef211} {625a80df-5cf3-46a8-a571-e4d782bef211}
Ripping a component li
STEE {625a80df-5cf3-46a8-a571-e4d782bef211} {625a80df-5cf3-46a8-a571-e4d782bef211}
STEE {625a80df-5cf3-46a8-a571-e4d782bef211} {625a80df-5cf3-46a8-a571-e4d782bef211}
Ripping a component a
ETL http://www.phand.net/schedules/fall2008.html
WARN   error, CSS error: null [1:1] Error in style sheet. Invalid token "<". Was expecting one of: <EOF>, <S>, ".", ":", "*", "[", <HASH>, "<!--", "-->", "@import", "@page", "@media", "@charset ", <IDENT>.
STEE {625a80df-5cf3-46a8-a571-e4d782bef211} {625a80df-5cf3-46a8-a571-e4d782bef211}
STEE {625a80df-5cf3-46a8-a571-e4d782bef211} {625a80df-5cf3-46a8-a571-e4d782bef211}
Ripping a component p
STEE {625a80df-5cf3-46a8-a571-e4d782bef211} {625a80df-5cf3-46a8-a571-e4d782bef211}
STEE {625a80df-5cf3-46a8-a571-e4d782bef211} {625a80df-5cf3-46a8-a571-e4d782bef211}
Ripping a component br
STEE {625a80df-5cf3-46a8-a571-e4d782bef211} {625a80df-5cf3-46a8-a571-e4d782bef211}
STEE {625a80df-5cf3-46a8-a571-e4d782bef211} {625a80df-5cf3-46a8-a571-e4d782bef211}
Ripping a component ul
STEE {625a80df-5cf3-46a8-a571-e4d782bef211} {625a80df-5cf3-46a8-a571-e4d782bef211}
STEE {625a80df-5cf3-46a8-a571-e4d782bef211} {625a80df-5cf3-46a8-a571-e4d782bef211}
Ripping a component li
STEE {625a80df-5cf3-46a8-a571-e4d782bef211} {625a80df-5cf3-46a8-a571-e4d782bef211}
STEE {625a80df-5cf3-46a8-a571-e4d782bef211} {625a80df-5cf3-46a8-a571-e4d782bef211}
Ripping a component a
ETL http://www.phand.net/ChristmasApp/
STEE {625a80df-5cf3-46a8-a571-e4d782bef211} {625a80df-5cf3-46a8-a571-e4d782bef211}
STEE {625a80df-5cf3-46a8-a571-e4d782bef211} {625a80df-5cf3-46a8-a571-e4d782bef211}
]]></system-out>
  <system-err><![CDATA[log4j:ERROR Could not read configuration file [log4j.properties].
java.io.FileNotFoundException: log4j.properties (No such file or directory)
	at java.io.FileInputStream.open(Native Method)
	at java.io.FileInputStream.<init>(FileInputStream.java:106)
	at java.io.FileInputStream.<init>(FileInputStream.java:66)
	at org.apache.log4j.PropertyConfigurator.doConfigure(PropertyConfigurator.java:297)
	at org.apache.log4j.PropertyConfigurator.configure(PropertyConfigurator.java:315)
	at edu.umd.cs.guitar.ripper.RipperMain.execute(RipperMain.java:43)
	at edu.umd.cs.guitar.ripper.phandTest.testPhandNet(phandTest.java:42)
	at sun.reflect.NativeMethodAccessorImpl.invoke0(Native Method)
	at sun.reflect.NativeMethodAccessorImpl.invoke(NativeMethodAccessorImpl.java:39)
	at sun.reflect.DelegatingMethodAccessorImpl.invoke(DelegatingMethodAccessorImpl.java:25)
	at java.lang.reflect.Method.invoke(Method.java:597)
	at junit.framework.TestCase.runTest(TestCase.java:164)
	at junit.framework.TestCase.runBare(TestCase.java:130)
	at junit.framework.TestResult$1.protect(TestResult.java:106)
	at junit.framework.TestResult.runProtected(TestResult.java:124)
	at junit.framework.TestResult.run(TestResult.java:109)
	at junit.framework.TestCase.run(TestCase.java:120)
	at junit.framework.TestSuite.runTest(TestSuite.java:230)
	at junit.framework.TestSuite.run(TestSuite.java:225)
	at org.junit.internal.runners.JUnit38ClassRunner.run(JUnit38ClassRunner.java:83)
	at junit.framework.JUnit4TestAdapter.run(JUnit4TestAdapter.java:39)
	at org.apache.tools.ant.taskdefs.optional.junit.JUnitTestRunner.run(JUnitTestRunner.java:420)
	at org.apache.tools.ant.taskdefs.optional.junit.JUnitTestRunner.launch(JUnitTestRunner.java:911)
	at org.apache.tools.ant.taskdefs.optional.junit.JUnitTestRunner.main(JUnitTestRunner.java:768)
log4j:ERROR Ignoring configuration file [log4j.properties].
]]></system-err>
</testsuite>
