<?xml version="1.0" encoding="UTF-8" ?>
<testsuite errors="0" failures="0" hostname="Bria-PC" name="edu.umd.cs.guitar.testcase.plugin.MaxEventTestCaseConfigurationTest" tests="1" time="0.136" timestamp="2010-05-09T22:30:00">
  <properties>
    <property name="java.vendor" value="Sun Microsystems Inc." />
    <property name="sun.java.launcher" value="SUN_STANDARD" />
    <property name="sun.management.compiler" value="HotSpot Client Compiler" />
    <property name="os.name" value="Windows Vista" />
    <property name="sun.boot.class.path" value="C:\Program Files\Java\jdk1.6.0_18\jre\lib\resources.jar;C:\Program Files\Java\jdk1.6.0_18\jre\lib\rt.jar;C:\Program Files\Java\jdk1.6.0_18\jre\lib\sunrsasign.jar;C:\Program Files\Java\jdk1.6.0_18\jre\lib\jsse.jar;C:\Program Files\Java\jdk1.6.0_18\jre\lib\jce.jar;C:\Program Files\Java\jdk1.6.0_18\jre\lib\charsets.jar;C:\Program Files\Java\jdk1.6.0_18\jre\classes" />
    <property name="dist.lib.dir" value="../../../jars" />
    <property name="sun.desktop" value="windows" />
    <property name="java.vm.specification.vendor" value="Sun Microsystems Inc." />
    <property name="net.sourceforge.cobertura.datafile" value="C:\TestCaseGenerator.tool\TestCaseGenerator-Plugin-MaxEventTestCase\tests\unit-tests\coverage\cobertura.ser" />
    <property name="ant.home" value="C:\Program Files\Ant" />
    <property name="jar.dir" value="./jars" />
    <property name="java.runtime.version" value="1.6.0_18-b07" />
    <property name="cobertura.dir" value="../../../shared/cobertura" />
    <property name="user.name" value="Bria" />
    <property name="debug" value="true" />
    <property name="build.dir" value="../../bin" />
    <property name="user.language" value="en" />
    <property name="sun.boot.library.path" value="C:\Program Files\Java\jdk1.6.0_18\jre\bin" />
    <property name="ant.project.default-target" value="help" />
    <property name="doc.dir" value="./doc" />
    <property name="ant.project.name" value="unit-tests" />
    <property name="java.version" value="1.6.0_18" />
    <property name="user.timezone" value="" />
    <property name="sun.arch.data.model" value="32" />
    <property name="java.endorsed.dirs" value="C:\Program Files\Java\jdk1.6.0_18\jre\lib\endorsed" />
    <property name="sun.cpu.isalist" value="pentium_pro+mmx pentium_pro pentium+mmx pentium i486 i386 i86" />
    <property name="sun.jnu.encoding" value="Cp1252" />
    <property name="file.encoding.pkg" value="sun.io" />
    <property name="guitarcore" value="GUITARModel-Core.jar" />
    <property name="file.separator" value="\" />
    <property name="java.specification.name" value="Java Platform API Specification" />
    <property name="java.class.version" value="50.0" />
    <property name="ant.lib.dir" value="ant/lib" />
    <property name="user.country" value="US" />
    <property name="java.home" value="C:\Program Files\Java\jdk1.6.0_18\jre" />
    <property name="dist.dir" value="../../.." />
    <property name="java.vm.info" value="mixed mode, sharing" />
    <property name="guitarmodel.lib" value="../../../jars/GUITARModel-Core.jar" />
    <property name="ant.file" value="C:\TestCaseGenerator.tool\TestCaseGenerator-Plugin-MaxEventTestCase\tests\unit-tests\build.xml" />
    <property name="os.version" value="6.0" />
    <property name="ant.dir" value="../../../shared/ant/lib" />
    <property name="path.separator" value=";" />
    <property name="java.vm.version" value="16.0-b13" />
    <property name="report.dir" value="./reports" />
    <property name="user.variant" value="" />
    <property name="ant.library.dir" value="C:\Program Files\Ant\lib" />
    <property name="java.awt.printerjob" value="sun.awt.windows.WPrinterJob" />
    <property name="sun.io.unicode.encoding" value="UnicodeLittle" />
    <property name="awt.toolkit" value="sun.awt.windows.WToolkit" />
    <property name="coverage.dir" value="./coverage" />
    <property name="user.home" value="C:\Users\Bria" />
    <property name="java.specification.vendor" value="Sun Microsystems Inc." />
    <property name="test.dir" value="." />
    <property name="java.library.path" value="C:\Program Files\Java\jdk1.6.0_18\jre\bin;.;C:\Windows\Sun\Java\bin;C:\Windows\system32;C:\Windows;C:\Windows\system32;C:\Windows;C:\Windows\System32\Wbem;C:\Program Files\Common Files\Roxio Shared\DLLShared\;C:\Program Files\Common Files\Roxio Shared\9.0\DLLShared\;C:\Program Files\TortoiseSVN\bin;C:\Program Files\QuickTime\QTSystem\;C:\Program Files\Ant\bin;C:\Program Files\Java\jdk1.6.0_18\bin; C:\Program Files\TortoiseSVN\bin" />
    <property name="java.vendor.url" value="http://java.sun.com/" />
    <property name="guitar.version" value="3.0" />
    <property name="shared.lib.dir" value="../../../shared" />
    <property name="java.vm.vendor" value="Sun Microsystems Inc." />
    <property name="java.runtime.name" value="Java(TM) SE Runtime Environment" />
    <property name="java.class.path" value="C:\TestCaseGenerator.tool\TestCaseGenerator-Plugin-MaxEventTestCase\tests\unit-tests\jars\TestCaseGenerator-Plugin-MaxEventTestCase.jar;C:\TestCaseGenerator.tool\TestCaseGenerator-Plugin-MaxEventTestCase\tests\unit-tests\jars\TestCaseGenerator-Plugin-MaxEventTestCase-unit-tests.jar;C:\TestCaseGenerator.tool\jars\TestCaseGenerator-Core.jar;C:\TestCaseGenerator.tool\shared\log4j-1.2.15.jar;C:\TestCaseGenerator.tool\shared\args4j-2.0.10.jar;C:\TestCaseGenerator.tool\jars\GUITARModel-Core.jar;C:\TestCaseGenerator.tool\shared\cobertura\cobertura.jar;C:\TestCaseGenerator.tool\shared\cobertura\lib\asm-3.0.jar;C:\TestCaseGenerator.tool\shared\cobertura\lib\asm-tree-3.0.jar;C:\TestCaseGenerator.tool\shared\cobertura\lib\jakarta-oro-2.0.8.jar;C:\TestCaseGenerator.tool\shared\cobertura\lib\log4j-1.2.9.jar;C:\TestCaseGenerator.tool\shared\ant-junit.jar;C:\TestCaseGenerator.tool\shared\junit.jar;C:\TestCaseGenerator.tool\TestCaseGenerator-Plugin-MaxEventTestCase\tests\unit-tests;C:\Program Files\Java\lib\ext\QTJava.zip;C:\Program Files\Ant\lib\ant-launcher.jar;C:\Program Files\Ant\lib\ant.jar;C:\Program Files\Ant\lib\ant-junit.jar" />
    <property name="ant.version" value="Apache Ant version 1.8.0RC1 compiled on January 5 2010" />
    <property name="java.vm.specification.name" value="Java Virtual Machine Specification" />
    <property name="ant.file.type" value="file" />
    <property name="java.vm.specification.version" value="1.0" />
    <property name="sun.cpu.endian" value="little" />
    <property name="sun.os.patch.level" value="" />
    <property name="java.io.tmpdir" value="C:\Users\Bria\AppData\Local\Temp\" />
    <property name="java.vendor.url.bug" value="http://java.sun.com/cgi-bin/bugreport.cgi" />
    <property name="os.arch" value="x86" />
    <property name="java.awt.graphicsenv" value="sun.awt.Win32GraphicsEnvironment" />
    <property name="java.ext.dirs" value="C:\Program Files\Java\jdk1.6.0_18\jre\lib\ext;C:\Windows\Sun\Java\lib\ext" />
    <property name="user.dir" value="C:\TestCaseGenerator.tool\TestCaseGenerator-Plugin-MaxEventTestCase\tests\unit-tests" />
    <property name="line.separator" value="
" />
    <property name="java.vm.name" value="Java HotSpot(TM) Client VM" />
    <property name="basedir" value="C:\TestCaseGenerator.tool\TestCaseGenerator-Plugin-MaxEventTestCase\tests\unit-tests" />
    <property name="ant.java.version" value="1.6" />
    <property name="ant.core.lib" value="C:\Program Files\Ant\lib\ant.jar" />
    <property name="file.encoding" value="Cp1252" />
    <property name="ydocinstall.dir" value="ydoc-3.0_01-jdk1.5" />
    <property name="ant.file.unit-tests" value="C:\TestCaseGenerator.tool\TestCaseGenerator-Plugin-MaxEventTestCase\tests\unit-tests\build.xml" />
    <property name="java.specification.version" value="1.6" />
    <property name="module" value="TestCaseGenerator-Plugin-MaxEventTestCase" />
    <property name="src.dir" value="../../src" />
    <property name="ant.project.invoked-targets" value="all" />
    <property name="ant.file.type.unit-tests" value="file" />
  </properties>
  <testcase classname="edu.umd.cs.guitar.testcase.plugin.MaxEventTestCaseConfigurationTest" name="testConfigurationFile" time="0.02" />
  <system-out><![CDATA[]]></system-out>
  <system-err><![CDATA[]]></system-err>
</testsuite>
